[0.346s] Invoking command in '/home/koki-22/ac_search/build/com': /usr/bin/cmake /home/koki-22/ac_search/uniSim/uniSim_forCollectHumanData/Library/PackageCache/com.unity.ide.visualstudio@2.0.18/Editor/COMIntegration/COMIntegration~ -DCMAKE_INSTALL_PREFIX=/home/koki-22/ac_search/install
[0.402s] -- The C compiler identification is GNU 11.4.0
[0.452s] -- The CXX compiler identification is GNU 11.4.0
[0.459s] -- Detecting C compiler ABI info
[0.517s] -- Detecting C compiler ABI info - done
[0.524s] -- Check for working C compiler: /usr/bin/cc - skipped
[0.524s] -- Detecting C compile features
[0.525s] -- Detecting C compile features - done
[0.528s] -- Detecting CXX compiler ABI info
[0.600s] -- Detecting CXX compiler ABI info - done
[0.608s] -- Check for working CXX compiler: /usr/bin/c++ - skipped
[0.608s] -- Detecting CXX compile features
[0.609s] -- Detecting CXX compile features - done
[0.610s] -- Configuring done
[0.612s] -- Generating done
[0.613s] -- Build files have been written to: /home/koki-22/ac_search/build/com
[0.697s] Invoked command in '/home/koki-22/ac_search/build/com' returned '0': /usr/bin/cmake /home/koki-22/ac_search/uniSim/uniSim_forCollectHumanData/Library/PackageCache/com.unity.ide.visualstudio@2.0.18/Editor/COMIntegration/COMIntegration~ -DCMAKE_INSTALL_PREFIX=/home/koki-22/ac_search/install
[0.699s] Invoking command in '/home/koki-22/ac_search/build/com': /usr/bin/cmake --build /home/koki-22/ac_search/build/com -- -j16 -l16
[0.742s] [ 50%] [32mBuilding CXX object CMakeFiles/COMIntegration.dir/COMIntegration.cpp.o[0m
[0.829s] [01m[K/home/koki-22/ac_search/uniSim/uniSim_forCollectHumanData/Library/PackageCache/com.unity.ide.visualstudio@2.0.18/Editor/COMIntegration/COMIntegration~/COMIntegration.cpp:11:10:[m[K [01;31m[Kfatal error: [m[Kwindows.h: No such file or directory
[0.829s]    11 | #include [01;31m[K<windows.h>[m[K
[0.829s]       |          [01;31m[K^~~~~~~~~~~[m[K
[0.829s] compilation terminated.
[0.830s] gmake[2]: *** [CMakeFiles/COMIntegration.dir/build.make:76: CMakeFiles/COMIntegration.dir/COMIntegration.cpp.o] Error 1
[0.830s] gmake[1]: *** [CMakeFiles/Makefile2:83: CMakeFiles/COMIntegration.dir/all] Error 2
[0.831s] gmake: *** [Makefile:91: all] Error 2
[0.832s] Invoked command in '/home/koki-22/ac_search/build/com' returned '2': /usr/bin/cmake --build /home/koki-22/ac_search/build/com -- -j16 -l16
