[0.442s] Invoking command in '/home/koki-22/ac_search/build/com': /usr/bin/cmake --build /home/koki-22/ac_search/build/com -- -j16 -l16
[0.503s] [ 50%] [32mBuilding CXX object CMakeFiles/COMIntegration.dir/COMIntegration.cpp.o[0m
[0.557s] [01m[K/home/koki-22/ac_search/uniSim/uniSim_forCollectHumanData/Library/PackageCache/com.unity.ide.visualstudio@2.0.18/Editor/COMIntegration/COMIntegration~/COMIntegration.cpp:11:10:[m[K [01;31m[Kfatal error: [m[Kwindows.h: No such file or directory
[0.557s]    11 | #include [01;31m[K<windows.h>[m[K
[0.557s]       |          [01;31m[K^~~~~~~~~~~[m[K
[0.557s] compilation terminated.
[0.558s] gmake[2]: *** [CMakeFiles/COMIntegration.dir/build.make:76: CMakeFiles/COMIntegration.dir/COMIntegration.cpp.o] Error 1
[0.558s] gmake[1]: *** [CMakeFiles/Makefile2:83: CMakeFiles/COMIntegration.dir/all] Error 2
[0.559s] gmake: *** [Makefile:91: all] Error 2
[1.017s] Invoked command in '/home/koki-22/ac_search/build/com' returned '2': /usr/bin/cmake --build /home/koki-22/ac_search/build/com -- -j16 -l16
